#
# There is insufficient memory for the Java Runtime Environment to continue.
# Native memory allocation (malloc) failed to allocate 32744 bytes for ChunkPool::allocate
# Possible reasons:
#   The system is out of physical RAM or swap space
#   In 32 bit mode, the process size limit was hit
# Possible solutions:
#   Reduce memory load on the system
#   Increase physical memory or swap space
#   Check if swap backing store is full
#   Use 64 bit Java on a 64 bit OS
#   Decrease Java heap size (-Xmx/-Xms)
#   Decrease number of Java threads
#   Decrease Java thread stack sizes (-Xss)
#   Set larger code cache with -XX:ReservedCodeCacheSize=
# This output file may be truncated or incomplete.
#
#  Out of Memory Error (allocation.cpp:273), pid=12016, tid=2792
#
# JRE version: Java(TM) SE Runtime Environment (8.0_25-b18) (build 1.8.0_25-b18)
# Java VM: Java HotSpot(TM) 64-Bit Server VM (25.25-b02 mixed mode windows-amd64 compressed oops)
# Failed to write core dump. Minidumps are not enabled by default on client versions of Windows
#

---------------  T H R E A D  ---------------

Current thread (0x0000000016db4000):  JavaThread "C1 CompilerThread2" daemon [_thread_in_native, id=2792, stack(0x0000000018510000,0x0000000018610000)]

Stack: [0x0000000018510000,0x0000000018610000]
Native frames: (J=compiled Java code, j=interpreted, Vv=VM code, C=native code)
V  [jvm.dll+0x31667a]


Current CompileTask:
C1:    845  217       3       jdk.internal.org.objectweb.asm.Frame::execute (2252 bytes)


---------------  P R O C E S S  ---------------

Java Threads: ( => current thread )
  0x00000000189dc000 JavaThread "AWT-Windows" daemon [_thread_in_native, id=5556, stack(0x0000000018ef0000,0x0000000018ff0000)]
  0x00000000189db000 JavaThread "AWT-Shutdown" [_thread_blocked, id=8492, stack(0x0000000018df0000,0x0000000018ef0000)]
  0x00000000189d8800 JavaThread "Java2D Disposer" daemon [_thread_blocked, id=9620, stack(0x0000000018cf0000,0x0000000018df0000)]
  0x0000000018638800 JavaThread "Service Thread" daemon [_thread_blocked, id=7024, stack(0x0000000018a10000,0x0000000018b10000)]
=>0x0000000016db4000 JavaThread "C1 CompilerThread2" daemon [_thread_in_native, id=2792, stack(0x0000000018510000,0x0000000018610000)]
  0x0000000016db1000 JavaThread "C2 CompilerThread1" daemon [_thread_blocked, id=8508, stack(0x0000000018410000,0x0000000018510000)]
  0x0000000016daf000 JavaThread "C2 CompilerThread0" daemon [_thread_blocked, id=8400, stack(0x0000000018310000,0x0000000018410000)]
  0x0000000016dad800 JavaThread "Attach Listener" daemon [_thread_blocked, id=8080, stack(0x0000000018210000,0x0000000018310000)]
  0x0000000016dac000 JavaThread "Signal Dispatcher" daemon [_thread_blocked, id=6364, stack(0x0000000018110000,0x0000000018210000)]
  0x0000000002357000 JavaThread "Finalizer" daemon [_thread_blocked, id=8412, stack(0x0000000018010000,0x0000000018110000)]
  0x000000000234c000 JavaThread "Reference Handler" daemon [_thread_blocked, id=5900, stack(0x0000000017f10000,0x0000000018010000)]
  0x000000000225e800 JavaThread "main" [_thread_in_native, id=7612, stack(0x0000000002130000,0x0000000002230000)]

Other Threads:
  0x0000000016d76000 VMThread [stack: 0x0000000017e10000,0x0000000017f10000] [id=9448]
  0x0000000018643800 WatcherThread [stack: 0x0000000018b10000,0x0000000018c10000] [id=5412]

VM state:not at safepoint (normal execution)

VM Mutex/Monitor currently owned by a thread: None

Heap:
 PSYoungGen      total 37888K, used 5252K [0x00000000d6600000, 0x00000000d9000000, 0x0000000100000000)
  eden space 32768K, 16% used [0x00000000d6600000,0x00000000d6b21018,0x00000000d8600000)
  from space 5120K, 0% used [0x00000000d8b00000,0x00000000d8b00000,0x00000000d9000000)
  to   space 5120K, 0% used [0x00000000d8600000,0x00000000d8600000,0x00000000d8b00000)
 ParOldGen       total 86016K, used 0K [0x0000000083200000, 0x0000000088600000, 0x00000000d6600000)
  object space 86016K, 0% used [0x0000000083200000,0x0000000083200000,0x0000000088600000)
 Metaspace       used 6228K, capacity 6358K, committed 6528K, reserved 1058816K
  class space    used 730K, capacity 790K, committed 896K, reserved 1048576K

Card table byte_map: [0x0000000011720000,0x0000000011b10000] byte_map_base: 0x0000000011307000

Marking Bits: (ParMarkBitMap*) 0x000000005c6ed490
 Begin Bits: [0x00000000121b0000, 0x00000000140e8000)
 End Bits:   [0x00000000140e8000, 0x0000000016020000)

Polling page: 0x00000000001f0000

CodeCache: size=245760Kb used=1533Kb max_used=1533Kb free=244226Kb
 bounds [0x0000000002360000, 0x00000000025d0000, 0x0000000011360000]
 total_blobs=563 nmethods=223 adapters=255
 compilation: enabled

Compilation events (10 events):
Event: 0.645 Thread 0x0000000016db4000 nmethod 211 0x00000000024d8ad0 code [0x00000000024d8d00, 0x00000000024d99d8]
Event: 0.646 Thread 0x0000000016db4000  209       3       java.lang.invoke.MethodType$ConcurrentWeakInternSet$WeakEntry::<init> (14 bytes)
Event: 0.646 Thread 0x0000000016db4000 nmethod 209 0x00000000024da0d0 code [0x00000000024da260, 0x00000000024da668]
Event: 0.646 Thread 0x0000000016db4000  212       3       java.lang.invoke.MethodType::makeImpl (66 bytes)
Event: 0.647 Thread 0x0000000016db4000 nmethod 212 0x00000000024daa90 code [0x00000000024dac80, 0x00000000024db4e8]
Event: 0.647 Thread 0x0000000016db4000  213       1       java.lang.invoke.LambdaForm::arity (5 bytes)
Event: 0.647 Thread 0x0000000016db4000 nmethod 213 0x00000000024db810 code [0x00000000024db960, 0x00000000024dba70]
Event: 0.647 Thread 0x0000000016db4000  216       3       jdk.internal.org.objectweb.asm.ByteVector::put12 (64 bytes)
Event: 0.647 Thread 0x0000000016db4000 nmethod 216 0x00000000024dbad0 code [0x00000000024dbc40, 0x00000000024dbec8]
Event: 0.647 Thread 0x0000000016db4000  217       3       jdk.internal.org.objectweb.asm.Frame::execute (2252 bytes)

GC Heap History (0 events):
No events

Deoptimization events (0 events):
No events

Internal exceptions (10 events):
Event: 0.502 Thread 0x000000000225e800 Exception <a 'java/security/PrivilegedActionException'> (0x00000000d6882140) thrown at [D:\re\workspace\8-2-build-windows-amd64-cygwin\jdk8u25\1677\hotspot\src\share\vm\prims\jvm.cpp, line 1312]
Event: 0.523 Thread 0x000000000225e800 Exception <a 'java/security/PrivilegedActionException'> (0x00000000d68a0cd8) thrown at [D:\re\workspace\8-2-build-windows-amd64-cygwin\jdk8u25\1677\hotspot\src\share\vm\prims\jvm.cpp, line 1312]
Event: 0.523 Thread 0x000000000225e800 Exception <a 'java/security/PrivilegedActionException'> (0x00000000d68a0e90) thrown at [D:\re\workspace\8-2-build-windows-amd64-cygwin\jdk8u25\1677\hotspot\src\share\vm\prims\jvm.cpp, line 1312]
Event: 0.524 Thread 0x000000000225e800 Exception <a 'java/security/PrivilegedActionException'> (0x00000000d68a4c28) thrown at [D:\re\workspace\8-2-build-windows-amd64-cygwin\jdk8u25\1677\hotspot\src\share\vm\prims\jvm.cpp, line 1312]
Event: 0.524 Thread 0x000000000225e800 Exception <a 'java/security/PrivilegedActionException'> (0x00000000d68a4de0) thrown at [D:\re\workspace\8-2-build-windows-amd64-cygwin\jdk8u25\1677\hotspot\src\share\vm\prims\jvm.cpp, line 1312]
Event: 0.564 Thread 0x000000000225e800 Exception <a 'java/io/FileNotFoundException'> (0x00000000d68a6f98) thrown at [D:\re\workspace\8-2-build-windows-amd64-cygwin\jdk8u25\1677\hotspot\src\share\vm\prims\jni.cpp, line 716]
Event: 0.613 Thread 0x000000000225e800 Exception <a 'java/lang/ClassNotFoundException': java/lang/Null> (0x00000000d68d5ef0) thrown at [D:\re\workspace\8-2-build-windows-amd64-cygwin\jdk8u25\1677\hotspot\src\share\vm\classfile\systemDictionary.cpp, line 202]
Event: 0.636 Thread 0x000000000225e800 Exception <a 'java/lang/NoSuchFieldError': method resolution failed> (0x00000000d6939e28) thrown at [D:\re\workspace\8-2-build-windows-amd64-cygwin\jdk8u25\1677\hotspot\src\share\vm\prims\methodHandles.cpp, line 1159]
Event: 0.639 Thread 0x000000000225e800 Exception <a 'java/lang/NoSuchFieldError': method resolution failed> (0x00000000d69489f0) thrown at [D:\re\workspace\8-2-build-windows-amd64-cygwin\jdk8u25\1677\hotspot\src\share\vm\prims\methodHandles.cpp, line 1159]
Event: 0.640 Thread 0x000000000225e800 Exception <a 'java/lang/NoSuchFieldError': method resolution failed> (0x00000000d694bb50) thrown at [D:\re\workspace\8-2-build-windows-amd64-cygwin\jdk8u25\1677\hotspot\src\share\vm\prims\methodHandles.cpp, line 1159]

Events (10 events):
Event: 0.654 loading class java/lang/invoke/InnerClassLambdaMetafactory$1 done
Event: 0.656 loading class sun/misc/ThreadGroupUtils
Event: 0.656 loading class sun/misc/ThreadGroupUtils done
Event: 0.656 Thread 0x00000000189d8800 Thread added: 0x00000000189d8800
Event: 0.656 loading class sun/awt/AWTAutoShutdown
Event: 0.656 loading class sun/awt/AWTAutoShutdown done
Event: 0.656 loading class java/util/IdentityHashMap
Event: 0.657 loading class java/util/IdentityHashMap done
Event: 0.657 Thread 0x00000000189db000 Thread added: 0x00000000189db000
Event: 0.658 Thread 0x00000000189dc000 Thread added: 0x00000000189dc000


Dynamic libraries:
0x00007ff7cf9b0000 - 0x00007ff7cf9e4000 	C:\Program Files\Java\jdk1.8.0_25\jre\bin\java.exe
0x00007ff8c2430000 - 0x00007ff8c25f1000 	C:\WINDOWS\SYSTEM32\ntdll.dll
0x00007ff8bfc30000 - 0x00007ff8bfcdd000 	C:\WINDOWS\system32\KERNEL32.DLL
0x00007ff8bed20000 - 0x00007ff8bef08000 	C:\WINDOWS\system32\KERNELBASE.dll
0x00007ff8c03f0000 - 0x00007ff8c0497000 	C:\WINDOWS\system32\ADVAPI32.dll
0x00007ff8c1a00000 - 0x00007ff8c1a9d000 	C:\WINDOWS\system32\msvcrt.dll
0x00007ff8bfce0000 - 0x00007ff8bfd3b000 	C:\WINDOWS\system32\sechost.dll
0x00007ff8c1b10000 - 0x00007ff8c1c2c000 	C:\WINDOWS\system32\RPCRT4.dll
0x00007ff8c0120000 - 0x00007ff8c0276000 	C:\WINDOWS\system32\USER32.dll
0x00007ff8bff90000 - 0x00007ff8c0116000 	C:\WINDOWS\system32\GDI32.dll
0x00007ff8b33e0000 - 0x00007ff8b3654000 	C:\WINDOWS\WinSxS\amd64_microsoft.windows.common-controls_6595b64144ccf1df_6.0.10586.0_none_8c15ae12515e1c22\COMCTL32.dll
0x00007ff8c2060000 - 0x00007ff8c22dd000 	C:\WINDOWS\system32\combase.dll
0x00007ff8bebd0000 - 0x00007ff8bec3a000 	C:\WINDOWS\system32\bcryptPrimitives.dll
0x00007ff8c22e0000 - 0x00007ff8c231b000 	C:\WINDOWS\system32\IMM32.DLL
0x000000005d340000 - 0x000000005d412000 	C:\Program Files\Java\jdk1.8.0_25\jre\bin\msvcr100.dll
0x000000005bf10000 - 0x000000005c76a000 	C:\Program Files\Java\jdk1.8.0_25\jre\bin\server\jvm.dll
0x00007ff8bfb30000 - 0x00007ff8bfb38000 	C:\WINDOWS\system32\PSAPI.DLL
0x00007ff8bce60000 - 0x00007ff8bce83000 	C:\WINDOWS\SYSTEM32\WINMM.dll
0x00007ff8b1b40000 - 0x00007ff8b1b49000 	C:\WINDOWS\SYSTEM32\WSOCK32.dll
0x00007ff8bfbc0000 - 0x00007ff8bfc2b000 	C:\WINDOWS\system32\WS2_32.dll
0x0000000000990000 - 0x00000000009bc000 	C:\WINDOWS\SYSTEM32\WINMMBASE.dll
0x00007ff8bf0e0000 - 0x00007ff8bf123000 	C:\WINDOWS\system32\cfgmgr32.dll
0x000000005d8e0000 - 0x000000005d8ef000 	C:\Program Files\Java\jdk1.8.0_25\jre\bin\verify.dll
0x000000005d310000 - 0x000000005d338000 	C:\Program Files\Java\jdk1.8.0_25\jre\bin\java.dll
0x000000005d840000 - 0x000000005d856000 	C:\Program Files\Java\jdk1.8.0_25\jre\bin\zip.dll
0x00007ff8c04a0000 - 0x00007ff8c19fc000 	C:\WINDOWS\system32\SHELL32.dll
0x00007ff8bf130000 - 0x00007ff8bf774000 	C:\WINDOWS\system32\windows.storage.dll
0x00007ff8c0280000 - 0x00007ff8c02d2000 	C:\WINDOWS\system32\shlwapi.dll
0x00007ff8beaa0000 - 0x00007ff8beaaf000 	C:\WINDOWS\system32\kernel.appcore.dll
0x00007ff8bec60000 - 0x00007ff8bed15000 	C:\WINDOWS\system32\shcore.dll
0x00007ff8bea30000 - 0x00007ff8bea7b000 	C:\WINDOWS\system32\powrprof.dll
0x00007ff8bea80000 - 0x00007ff8bea94000 	C:\WINDOWS\system32\profapi.dll
0x000000005d130000 - 0x000000005d2c8000 	C:\Program Files\Java\jdk1.8.0_25\jre\bin\awt.dll
0x00007ff8bfd50000 - 0x00007ff8bfe11000 	C:\WINDOWS\system32\OLEAUT32.dll
0x00007ff8bd220000 - 0x00007ff8bd299000 	C:\WINDOWS\system32\apphelp.dll
0x00007ff8bd3b0000 - 0x00007ff8bd446000 	C:\WINDOWS\system32\uxtheme.dll
0x00007ff8bf9d0000 - 0x00007ff8bfb2a000 	C:\WINDOWS\system32\MSCTF.dll
0x00007ff8bc7f0000 - 0x00007ff8bc812000 	C:\WINDOWS\system32\dwmapi.dll
0x00007ff8bfe40000 - 0x00007ff8bff83000 	C:\WINDOWS\system32\ole32.dll
0x00007ff8a7800000 - 0x00007ff8a798c000 	C:\WINDOWS\SYSTEM32\dbghelp.dll

VM Arguments:
jvm_args: -Dfile.encoding=UTF-8 -Djava.library.path=lib\java\x64 
java_command: edu.esprit.tunisiamall.gui.AddMarque
java_class_path (initial): C:\Program Files\NetBeans 8.0.2\ide\modules\ext\mysql-connector-java-5.1.23-bin.jar;C:\TunisiaMalllebes\PI-DEV-TUNISIAMALL3A6-JAVA\lib\AnimatonClass.jar;C:\TunisiaMalllebes\PI-DEV-TUNISIAMALL3A6-JAVA\lib\BarCodeReader.jar;C:\TunisiaMalllebes\PI-DEV-TUNISIAMALL3A6-JAVA\lib\SMSLib.jar;C:\TunisiaMalllebes\PI-DEV-TUNISIAMALL3A6-JAVA\lib\ShadowedSplash.jar;C:\TunisiaMalllebes\PI-DEV-TUNISIAMALL3A6-JAVA\lib\SplashDemo.jar;C:\TunisiaMalllebes\PI-DEV-TUNISIAMALL3A6-JAVA\lib\bridj-0.6.2.jar;C:\TunisiaMalllebes\PI-DEV-TUNISIAMALL3A6-JAVA\lib\dsn.jar;C:\TunisiaMalllebes\PI-DEV-TUNISIAMALL3A6-JAVA\lib\hamcrest-core-1.3.jar;C:\TunisiaMalllebes\PI-DEV-TUNISIAMALL3A6-JAVA\lib\imap.jar;C:\TunisiaMalllebes\PI-DEV-TUNISIAMALL3A6-JAVA\lib\jcommon-1.0.23.jar;C:\TunisiaMalllebes\PI-DEV-TUNISIAMALL3A6-JAVA\lib\jfreechart-1.0.19-experimental.jar;C:\TunisiaMalllebes\PI-DEV-TUNISIAMALL3A6-JAVA\lib\jfreechart-1.0.19-swt.jar;C:\TunisiaMalllebes\PI-DEV-TUNISIAMALL3A6-JAVA\lib\jfreechart-1.0.19.jar;C:\TunisiaMalllebes\PI-DEV-TUNISIAMALL3A6-JAVA\lib\jfreesvg-2.0.jar;C:\TunisiaMalllebes\PI-DEV-TUNISIAMALL3A6-JAVA\lib\jmf-2.1.1e.jar;C:\TunisiaMalllebes\PI-DEV-TUNISIAMALL3A6-JAVA\lib\junit-4.11.jar;C:\TunisiaMalllebes\PI-DEV-TUNISIAMALL3A6-JAVA\lib\mailapi.jar;C:\TunisiaMalllebes\PI-DEV-TUNISIAMALL3A6-JAVA\lib\orsoncharts-1.4-eval-nofx.jar;C:\TunisiaMalllebes\PI-DEV-TUNISIAMALL3A6-JAVA\lib\orsonpdf-1.6-eval.jar;C:\TunisiaMalllebes\PI-DEV-TUNISIAMALL3A6-JAVA\lib\pop3.jar;C:\TunisiaMalllebes\PI-DEV-TUNISIAMALL3A6-JAVA\lib\servlet.jar;C:\TunisiaMalllebes\PI-DEV-TUNISIAMALL3A6-JAVA\lib\slf4j-api-1.7.7.jar;C:\TunisiaMalllebes\PI-DEV-TUNISIAMALL3A6-JAVA\lib\smtp.jar;C:\TunisiaMalllebes\PI-DEV-TUNISIAMALL3A6-JAVA\lib\swtgraphics2d.jar;C:\TunisiaMalllebes\PI-DEV-TUNISIAMALL3A6-JAVA\lib\twitter4j-core-4.0.4.jar;C:\TunisiaMalllebes\PI-DEV-TUNISIAMALL3A6-JAVA\lib\webcam-capture-0.3.10.jar;C:\TunisiaMalllebes\PI-DEV-TUNISIAMALL3A6-JAVA\lib\java\opencv-249.jar;C:\Program Files\NetBe
Launcher Type: SUN_STANDARD

Environment Variables:
JAVA_HOME=C:\Program Files\Java\jdk1.8.0_25
CLASSPATH=.;.;C:\PROGRA~2\JMF21~1.1E\lib\sound.jar;C:\PROGRA~2\JMF21~1.1E\lib\jmf.jar;C:\PROGRA~2\JMF21~1.1E\lib;
PATH=C:\oraclexe\app\oracle\product\10.2.0\server\bin;C:\Program Files (x86)\Windows Resource Kits\Tools\;C:\ProgramData\Oracle\Java\javapath;C:\Program Files (x86)\Common Files\Intel\Shared Libraries\redist\intel64\compiler;C:\Program Files (x86)\Common Files\Intel\Shared Libraries\redist\ia32\compiler;C:\Program Files (x86)\PC Connectivity Solution\;C:\Program Files\Common Files\Microsoft Shared\Windows Live;C:\Program Files (x86)\Common Files\Microsoft Shared\Windows Live;C:\WINDOWS\system32;C:\WINDOWS;C:\WINDOWS\System32\Wbem;C:\WINDOWS\System32\WindowsPowerShell\v1.0\;C:\Program Files (x86)\ATI Technologies\ATI.ACE\Core-Static;c:\Program Files\WIDCOMM\Bluetooth Software\;c:\Program Files\WIDCOMM\Bluetooth Software\syswow64;C:\Program Files\Broadcom\Broadcom 802.11\Driver;C:\Program Files (x86)\Windows Live\Shared;C:\Program Files\Common Files\Autodesk Shared\;C:\Program Files\Java\jdk1.8.0_25/bin;C:\Program Files\Microsoft SQL Server\120\Tools\Binn\;C:\WINDOWS\system32\config\systemprofile\.dnx\bin;C:\Program Files\Microsoft DNX\Dnvm\;C:\wamp2.4\bin\php\php5.4.16;C:\ProgramData\ComposerSetup\bin;C:\Users\Max\AppData\Roaming\Composer\vendor\bin
USERNAME=Max
OS=Windows_NT
PROCESSOR_IDENTIFIER=Intel64 Family 6 Model 37 Stepping 2, GenuineIntel



---------------  S Y S T E M  ---------------

OS: Windows 8.1 , 64 bit Build 9600 

CPU:total 4 (2 cores per cpu, 2 threads per core) family 6 model 37 stepping 2, cmov, cx8, fxsr, mmx, sse, sse2, sse3, ssse3, sse4.1, sse4.2, popcnt, ht, tsc, tscinvbit

Memory: 4k page, physical 8181612k(2226680k free), swap 8181612k(3092k free)

vm_info: Java HotSpot(TM) 64-Bit Server VM (25.25-b02) for windows-amd64 JRE (1.8.0_25-b18), built on Oct  7 2014 14:25:37 by "java_re" with MS VC++ 10.0 (VS2010)

time: Tue May 17 21:34:35 2016
elapsed time: 0 seconds (0d 0h 0m 0s)

