#
# There is insufficient memory for the Java Runtime Environment to continue.
# Native memory allocation (malloc) failed to allocate 1048576 bytes for AllocateHeap
# Possible reasons:
#   The system is out of physical RAM or swap space
#   In 32 bit mode, the process size limit was hit
# Possible solutions:
#   Reduce memory load on the system
#   Increase physical memory or swap space
#   Check if swap backing store is full
#   Use 64 bit Java on a 64 bit OS
#   Decrease Java heap size (-Xmx/-Xms)
#   Decrease number of Java threads
#   Decrease Java thread stack sizes (-Xss)
#   Set larger code cache with -XX:ReservedCodeCacheSize=
# This output file may be truncated or incomplete.
#
#  Out of Memory Error (memory/allocation.inline.hpp:62), pid=5536, tid=1144
#
# JRE version:  (8.0_25-b18) (build )
# Java VM: Java HotSpot(TM) 64-Bit Server VM (25.25-b02 mixed mode windows-amd64 compressed oops)
# Failed to write core dump. Minidumps are not enabled by default on client versions of Windows
#

---------------  T H R E A D  ---------------

Current thread (0x0000000002212800):  JavaThread "Unknown thread" [_thread_in_vm, id=1144, stack(0x0000000002110000,0x0000000002210000)]

Stack: [0x0000000002110000,0x0000000002210000]
Native frames: (J=compiled Java code, j=interpreted, Vv=VM code, C=native code)
V  [jvm.dll+0x31667a]
V  [jvm.dll+0x267073]
V  [jvm.dll+0x267cb3]
V  [jvm.dll+0x25f5b5]
V  [jvm.dll+0x3defbf]
V  [jvm.dll+0x3dfaff]
V  [jvm.dll+0x3dfc14]
V  [jvm.dll+0x3dfde3]
V  [jvm.dll+0xe53f2]
V  [jvm.dll+0x1f9b19]
V  [jvm.dll+0x22b2e4]
V  [jvm.dll+0x14d571]
C  [java.exe+0x20b6]
C  [java.exe+0xc9bb]
C  [java.exe+0xca4f]
C  [KERNEL32.DLL+0x18102]
C  [ntdll.dll+0x5c5b4]


---------------  P R O C E S S  ---------------

Java Threads: ( => current thread )

Other Threads:

=>0x0000000002212800 (exited) JavaThread "Unknown thread" [_thread_in_vm, id=1144, stack(0x0000000002110000,0x0000000002210000)]

VM state:not at safepoint (normal execution)

VM Mutex/Monitor currently owned by a thread: None

Heap:
 PSYoungGen      total 37888K, used 655K [0x00000000d6600000, 0x00000000d9000000, 0x0000000100000000)
  eden space 32768K, 2% used [0x00000000d6600000,0x00000000d66a3d80,0x00000000d8600000)
  from space 5120K, 0% used [0x00000000d8b00000,0x00000000d8b00000,0x00000000d9000000)
  to   space 5120K, 0% used [0x00000000d8600000,0x00000000d8600000,0x00000000d8b00000)
 ParOldGen       total 86016K, used 0K [0x0000000083200000, 0x0000000088600000, 0x00000000d6600000)
  object space 86016K, 0% used [0x0000000083200000,0x0000000083200000,0x0000000088600000)
 Metaspace       used 674K, capacity 4480K, committed 4480K, reserved 1056768K
  class space    used 66K, capacity 384K, committed 384K, reserved 1048576K

Card table byte_map: [0x00000000116d0000,0x0000000011ac0000] byte_map_base: 0x00000000112b7000

Marking Bits: (ParMarkBitMap*) 0x000000006429d490
 Begin Bits: [0x0000000012160000, 0x0000000014098000)
 End Bits:   [0x0000000014098000, 0x0000000015fd0000)

Polling page: 0x00000000001f0000

CodeCache: size=245760Kb used=326Kb max_used=326Kb free=245433Kb
 bounds [0x0000000002310000, 0x0000000002580000, 0x0000000011310000]
 total_blobs=55 nmethods=0 adapters=37
 compilation: enabled

Compilation events (0 events):
No events

GC Heap History (0 events):
No events

Deoptimization events (0 events):
No events

Internal exceptions (0 events):
No events

Events (10 events):
Event: 0.061 loading class java/lang/Short
Event: 0.061 loading class java/lang/Short done
Event: 0.061 loading class java/lang/Integer
Event: 0.061 loading class java/lang/Integer done
Event: 0.061 loading class java/lang/Long
Event: 0.061 loading class java/lang/Long done
Event: 0.062 loading class java/lang/NullPointerException
Event: 0.062 loading class java/lang/NullPointerException done
Event: 0.062 loading class java/lang/ArithmeticException
Event: 0.062 loading class java/lang/ArithmeticException done


Dynamic libraries:
0x00007ff62d1d0000 - 0x00007ff62d204000 	C:\Program Files\Java\jdk1.8.0_25\jre\bin\java.exe
0x00007ffc9d6b0000 - 0x00007ffc9d871000 	C:\WINDOWS\SYSTEM32\ntdll.dll
0x00007ffc9c460000 - 0x00007ffc9c50d000 	C:\WINDOWS\system32\KERNEL32.DLL
0x00007ffc99d40000 - 0x00007ffc99f28000 	C:\WINDOWS\system32\KERNELBASE.dll
0x00007ffc9cf80000 - 0x00007ffc9d027000 	C:\WINDOWS\system32\ADVAPI32.dll
0x00007ffc9c1f0000 - 0x00007ffc9c28d000 	C:\WINDOWS\system32\msvcrt.dll
0x00007ffc9c130000 - 0x00007ffc9c18b000 	C:\WINDOWS\system32\sechost.dll
0x00007ffc9d210000 - 0x00007ffc9d32c000 	C:\WINDOWS\system32\RPCRT4.dll
0x00007ffc9d0b0000 - 0x00007ffc9d206000 	C:\WINDOWS\system32\USER32.dll
0x00007ffc9c950000 - 0x00007ffc9cad6000 	C:\WINDOWS\system32\GDI32.dll
0x00007ffc8bd30000 - 0x00007ffc8bfa4000 	C:\WINDOWS\WinSxS\amd64_microsoft.windows.common-controls_6595b64144ccf1df_6.0.10586.0_none_8c15ae12515e1c22\COMCTL32.dll
0x00007ffc9c6d0000 - 0x00007ffc9c94d000 	C:\WINDOWS\system32\combase.dll
0x00007ffc9a990000 - 0x00007ffc9a9fa000 	C:\WINDOWS\system32\bcryptPrimitives.dll
0x00007ffc9d4c0000 - 0x00007ffc9d4fb000 	C:\WINDOWS\system32\IMM32.DLL
0x00000000639e0000 - 0x0000000063ab2000 	C:\Program Files\Java\jdk1.8.0_25\jre\bin\msvcr100.dll
0x0000000063ac0000 - 0x000000006431a000 	C:\Program Files\Java\jdk1.8.0_25\jre\bin\server\jvm.dll
0x00007ffc9d4b0000 - 0x00007ffc9d4b8000 	C:\WINDOWS\system32\PSAPI.DLL
0x00007ffc97ff0000 - 0x00007ffc98013000 	C:\WINDOWS\SYSTEM32\WINMM.dll
0x00007ffc8e880000 - 0x00007ffc8e889000 	C:\WINDOWS\SYSTEM32\WSOCK32.dll
0x00007ffc9cae0000 - 0x00007ffc9cb4b000 	C:\WINDOWS\system32\WS2_32.dll
0x00007ffc97ed0000 - 0x00007ffc97efc000 	C:\WINDOWS\SYSTEM32\winmmbase.dll
0x00007ffc99f30000 - 0x00007ffc99f73000 	C:\WINDOWS\system32\cfgmgr32.dll
0x0000000064b10000 - 0x0000000064b1f000 	C:\Program Files\Java\jdk1.8.0_25\jre\bin\verify.dll
0x0000000063970000 - 0x0000000063998000 	C:\Program Files\Java\jdk1.8.0_25\jre\bin\java.dll
0x0000000063950000 - 0x0000000063966000 	C:\Program Files\Java\jdk1.8.0_25\jre\bin\zip.dll
0x00007ffc85680000 - 0x00007ffc8580c000 	C:\WINDOWS\SYSTEM32\dbghelp.dll

VM Arguments:
jvm_args: -Dfile.encoding=UTF-8 -Djava.library.path=C:\opencv\build\java\x64 
java_command: edu.esprit.tunisiamall.tests.Test
java_class_path (initial): C:\Program Files\NetBeans 8.0.2\ide\modules\ext\mysql-connector-java-5.1.23-bin.jar;C:\Users\Max\Desktop\workshop-Mail-master\workshop-Mail-master\mail-lib\mailapi.jar;C:\Program Files\NetBeans 8.0.2\java\modules\ext\AbsoluteLayout.jar;C:\Users\Max\Desktop\workshop-Mail-master\workshop-Mail-master\mail-lib\dsn.jar;C:\Users\Max\Desktop\workshop-Mail-master\workshop-Mail-master\mail-lib\imap.jar;C:\Users\Max\Desktop\workshop-Mail-master\workshop-Mail-master\mail-lib\pop3.jar;C:\Users\Max\Desktop\workshop-Mail-master\workshop-Mail-master\mail-lib\SMSLib.jar;C:\Users\Max\Desktop\workshop-Mail-master\workshop-Mail-master\mail-lib\smtp.jar;C:\Users\Max\Desktop\LWUIT_1_5\LWUIT_1_5-NoBB-RC2\lib\LWUIT_MIDP.jar;C:\Users\Max\Desktop\2 eme semestre\libsJAVA\AnimatonClass.jar;C:\Users\Max\Desktop\2 eme semestre\pidev\java\PI-DEV-TUNISIAMALL3A6\PI-DEV-TUNISIAMALL3A6\lib\BarCodeReader.jar;C:\Users\Max\Desktop\2 eme semestre\libsJAVA\ShadowedSplash.jar;C:\Users\Max\Desktop\2 eme semestre\libsJAVA\SplashDemo.jar;C:\Users\Max\Desktop\2 eme semestre\libsJAVA\bridj-0.6.2.jar;C:\Users\Max\Desktop\2 eme semestre\pidev\java\PI-DEV-TUNISIAMALL3A6\PI-DEV-TUNISIAMALL3A6\lib\dsn.jar;C:\Users\Max\Desktop\2 eme semestre\pidev\java\PI-DEV-TUNISIAMALL3A6\PI-DEV-TUNISIAMALL3A6\lib\hamcrest-core-1.3.jar;C:\Users\Max\Desktop\2 eme semestre\pidev\java\PI-DEV-TUNISIAMALL3A6\PI-DEV-TUNISIAMALL3A6\lib\imap.jar;C:\Users\Max\Desktop\2 eme semestre\pidev\java\PI-DEV-TUNISIAMALL3A6\PI-DEV-TUNISIAMALL3A6\lib\mailapi.jar;C:\Users\Max\Desktop\2 eme semestre\pidev\java\PI-DEV-TUNISIAMALL3A6\PI-DEV-TUNISIAMALL3A6\lib\jcommon-1.0.23.jar;C:\Users\Max\Desktop\2 eme semestre\pidev\java\PI-DEV-TUNISIAMALL3A6\PI-DEV-TUNISIAMALL3A6\lib\jfreechart-1.0.19-experimental.jar;C:\Users\Max\Desktop\2 eme semestre\pidev\java\PI-DEV-TUNISIAMALL3A6\PI-DEV-TUNISIAMALL3A6\lib\jfreechart-1.0.19-swt.jar;C:\Users\Max\Desktop\2 eme semestre\pidev\java\PI-DEV-TUNISIAMALL3A6\PI-DEV-TUNISIAMALL3A6\lib\jfreecha
Launcher Type: SUN_STANDARD

Environment Variables:
JAVA_HOME=C:\Program Files\Java\jdk1.8.0_25
CLASSPATH=.;.;C:\PROGRA~2\JMF21~1.1E\lib\sound.jar;C:\PROGRA~2\JMF21~1.1E\lib\jmf.jar;C:\PROGRA~2\JMF21~1.1E\lib;
PATH=C:\oraclexe\app\oracle\product\10.2.0\server\bin;C:\Program Files (x86)\Windows Resource Kits\Tools\;C:\ProgramData\Oracle\Java\javapath;C:\Program Files (x86)\Common Files\Intel\Shared Libraries\redist\intel64\compiler;C:\Program Files (x86)\Common Files\Intel\Shared Libraries\redist\ia32\compiler;C:\Program Files (x86)\PC Connectivity Solution\;C:\Program Files\Common Files\Microsoft Shared\Windows Live;C:\Program Files (x86)\Common Files\Microsoft Shared\Windows Live;C:\WINDOWS\system32;C:\WINDOWS;C:\WINDOWS\System32\Wbem;C:\WINDOWS\System32\WindowsPowerShell\v1.0\;C:\Program Files (x86)\ATI Technologies\ATI.ACE\Core-Static;c:\Program Files\WIDCOMM\Bluetooth Software\;c:\Program Files\WIDCOMM\Bluetooth Software\syswow64;C:\Program Files\Broadcom\Broadcom 802.11\Driver;C:\Program Files (x86)\Windows Live\Shared;C:\Program Files\Common Files\Autodesk Shared\;C:\Program Files\Java\jdk1.8.0_25/bin;C:\Program Files\Microsoft SQL Server\120\Tools\Binn\;C:\WINDOWS\system32\config\systemprofile\.dnx\bin;C:\Program Files\Microsoft DNX\Dnvm\;C:\wamp2.4\bin\php\php5.4.16
USERNAME=Max
OS=Windows_NT
PROCESSOR_IDENTIFIER=Intel64 Family 6 Model 37 Stepping 2, GenuineIntel



---------------  S Y S T E M  ---------------

OS: Windows 8.1 , 64 bit Build 9600 

CPU:total 4 (2 cores per cpu, 2 threads per core) family 6 model 37 stepping 2, cmov, cx8, fxsr, mmx, sse, sse2, sse3, ssse3, sse4.1, sse4.2, popcnt, ht, tsc, tscinvbit

Memory: 4k page, physical 8181612k(3904876k free), swap 8181612k(8456k free)

vm_info: Java HotSpot(TM) 64-Bit Server VM (25.25-b02) for windows-amd64 JRE (1.8.0_25-b18), built on Oct  7 2014 14:25:37 by "java_re" with MS VC++ 10.0 (VS2010)

time: Sat Mar 19 15:09:30 2016
elapsed time: 0 seconds (0d 0h 0m 0s)

